[25/Jan/2019 08:23:45] "GET / HTTP/1.1" 200 39231
Not Found: /images/cc-bg-1.jpg
[25/Jan/2019 08:23:46] "GET /images/cc-bg-1.jpg HTTP/1.1" 404 2147
[25/Jan/2019 08:40:44] "GET / HTTP/1.1" 200 39231
Not Found: /images/cc-bg-1.jpg
[25/Jan/2019 08:40:44] "GET /images/cc-bg-1.jpg HTTP/1.1" 404 2147
Not Found: /favicon.ico
[25/Jan/2019 08:40:45] "GET /favicon.ico HTTP/1.1" 404 2126
Not Found: /manager/html
[25/Jan/2019 09:18:17] "GET /manager/html HTTP/1.1" 404 2088
[25/Jan/2019 09:49:06] "GET / HTTP/1.1" 200 39231
Not Found: /manager/html
[25/Jan/2019 10:09:02] "GET /manager/html HTTP/1.1" 404 2088
[25/Jan/2019 10:38:48] "GET / HTTP/1.1" 200 39231
[25/Jan/2019 13:08:10] "HEAD / HTTP/1.0" 200 39231
Not Found: /tmUnblock.cgi
[25/Jan/2019 13:10:31] "POST /tmUnblock.cgi HTTP/1.1" 404 2092
Not Found: /tmUnblock.cgi
[25/Jan/2019 13:10:31] "GET /tmUnblock.cgi HTTP/1.1" 404 2091
[25/Jan/2019 13:38:35] "GET / HTTP/1.1" 200 39231
[25/Jan/2019 13:40:50] "GET / HTTP/1.1" 200 39231
[25/Jan/2019 15:24:44] "HEAD / HTTP/1.1" 200 39231
[25/Jan/2019 15:59:13] "GET / HTTP/1.1" 200 39231
[25/Jan/2019 16:16:57] "GET / HTTP/1.0" 200 39231
[25/Jan/2019 16:59:27] "HEAD / HTTP/1.1" 200 39231
[25/Jan/2019 18:04:38] "GET / HTTP/1.1" 200 39231
[25/Jan/2019 18:55:29] "GET / HTTP/1.1" 200 39231
[25/Jan/2019 19:04:29] "GET / HTTP/1.1" 200 39231
Not Found: /manager/html
[25/Jan/2019 20:14:31] "GET /manager/html HTTP/1.1" 404 2088
[25/Jan/2019 21:06:42] "GET / HTTP/1.1" 200 39231
Not Found: /manager/html
[25/Jan/2019 21:09:05] "GET /manager/html HTTP/1.1" 404 2088
[25/Jan/2019 21:50:05] "GET / HTTP/1.1" 200 39231
Not Found: /manager/html
[25/Jan/2019 21:59:44] "GET /manager/html HTTP/1.1" 404 2088
[25/Jan/2019 23:08:13] "GET / HTTP/1.1" 200 39231
[26/Jan/2019 00:06:35] "GET / HTTP/1.1" 200 39231
[26/Jan/2019 00:10:11] "GET / HTTP/1.1" 200 39231
[26/Jan/2019 01:29:54] "GET / HTTP/1.1" 200 39231
[26/Jan/2019 02:50:25] "GET / HTTP/1.1" 200 39231
[2019-01-26 02:50:25,645] - Broken pipe from ('61.219.11.151', 64749)

[26/Jan/2019 02:55:43] "GET / HTTP/1.1" 200 39231
[26/Jan/2019 02:59:22] "GET / HTTP/1.1" 200 39231
[26/Jan/2019 05:25:51] "GET / HTTP/1.1" 200 39231
[26/Jan/2019 05:33:09] "GET / HTTP/1.1" 200 39231
[26/Jan/2019 05:58:39] "GET / HTTP/1.1" 200 39231
[26/Jan/2019 06:04:19] "GET / HTTP/1.1" 200 39231
[26/Jan/2019 06:04:57] "GET / HTTP/1.1" 200 39231
[26/Jan/2019 06:09:33] "GET / HTTP/1.1" 200 39231
Not Found: /images/cc-bg-1.jpg
[26/Jan/2019 06:09:34] "GET /images/cc-bg-1.jpg HTTP/1.1" 404 2147
Not Found: /favicon.ico
[26/Jan/2019 06:09:35] "GET /favicon.ico HTTP/1.1" 404 2126
[26/Jan/2019 06:49:48] "GET / HTTP/1.1" 200 39231
[26/Jan/2019 06:49:48] "GET / HTTP/1.1" 200 39231
[26/Jan/2019 09:01:54] "GET / HTTP/1.1" 200 39231
[26/Jan/2019 10:10:23] "GET / HTTP/1.1" 200 39231
[26/Jan/2019 10:10:23] "GET / HTTP/1.1" 200 39231
[26/Jan/2019 10:36:46] "GET / HTTP/1.1" 200 39231
[26/Jan/2019 11:03:57] "GET / HTTP/1.1" 200 39231
[26/Jan/2019 11:45:26] "GET / HTTP/1.0" 200 39231
[26/Jan/2019 12:05:50] "GET / HTTP/1.1" 200 39231
[26/Jan/2019 12:15:00] "GET / HTTP/1.1" 200 39231
[26/Jan/2019 13:00:11] "HEAD / HTTP/1.1" 200 39231
[26/Jan/2019 13:15:19] "GET / HTTP/1.1" 200 39231
[26/Jan/2019 13:39:49] "GET / HTTP/1.1" 200 39231
Not Found: /tmUnblock.cgi
[26/Jan/2019 14:37:25] "POST /tmUnblock.cgi HTTP/1.1" 404 2091
[26/Jan/2019 14:49:05] "GET / HTTP/1.1" 200 39231
[26/Jan/2019 16:46:36] "GET / HTTP/1.1" 200 39231
[26/Jan/2019 17:24:26] "GET / HTTP/1.0" 200 39231
[26/Jan/2019 17:33:02] "GET / HTTP/1.1" 200 39231
[26/Jan/2019 17:45:23] code 400, message Bad HTTP/0.9 request type ('\x03\x00\x00/*\xe0\x00\x00\x00\x00\x00Cookie:')
Traceback (most recent call last):
  File "/usr/lib/python2.7/logging/__init__.py", line 868, in emit
    msg = self.format(record)
  File "/usr/lib/python2.7/logging/__init__.py", line 741, in format
    return fmt.format(record)
  File "/usr/local/lib/python2.7/dist-packages/django/utils/log.py", line 192, in format
    return super(ServerFormatter, self).format(record)
  File "/usr/lib/python2.7/logging/__init__.py", line 476, in format
    raise e
UnicodeDecodeError: 'ascii' codec can't decode byte 0xe0 in position 6: ordinal not in range(128)
Logged from file basehttp.py, line 124
[26/Jan/2019 19:24:01] "GET / HTTP/1.1" 200 39231
[26/Jan/2019 20:04:07] "GET / HTTP/1.1" 200 39231
Not Found: /manager/html
[26/Jan/2019 20:22:03] "GET /manager/html HTTP/1.1" 404 2088
[26/Jan/2019 20:44:29] "GET / HTTP/1.1" 200 39231
[26/Jan/2019 21:29:28] "GET / HTTP/1.1" 200 39231
[26/Jan/2019 23:49:42] "HEAD / HTTP/1.0" 200 39231
[27/Jan/2019 00:37:13] "GET / HTTP/1.1" 200 39231
[27/Jan/2019 00:37:35] "GET / HTTP/1.1" 200 39231
[27/Jan/2019 01:15:45] "GET / HTTP/1.1" 200 39231
[27/Jan/2019 01:44:34] "GET / HTTP/1.1" 200 39231
[27/Jan/2019 04:37:59] "GET / HTTP/1.1" 200 39231
Not Found: /images/cc-bg-1.jpg
[27/Jan/2019 04:38:00] "GET /images/cc-bg-1.jpg HTTP/1.1" 404 2147
Not Found: /favicon.ico
[27/Jan/2019 04:38:01] "GET /favicon.ico HTTP/1.1" 404 2126
[27/Jan/2019 04:41:25] "GET / HTTP/1.1" 200 39231
[27/Jan/2019 06:02:11] "GET / HTTP/1.1" 200 39231
[27/Jan/2019 07:01:08] "GET / HTTP/1.1" 200 39231
[27/Jan/2019 07:13:03] "GET / HTTP/1.1" 200 39231
Not Found: /manager/html
[27/Jan/2019 07:16:40] "GET /manager/html HTTP/1.1" 404 2088
[27/Jan/2019 07:59:32] "GET / HTTP/1.1" 200 39231
[27/Jan/2019 09:10:18] "HEAD / HTTP/1.1" 200 39231
[27/Jan/2019 09:48:41] "GET / HTTP/1.1" 200 39231
[27/Jan/2019 10:09:46] "GET / HTTP/1.1" 200 39231
[27/Jan/2019 10:09:46] "GET / HTTP/1.1" 200 39231
[27/Jan/2019 11:32:20] "GET / HTTP/1.1" 200 39231
[27/Jan/2019 14:06:18] "GET / HTTP/1.1" 200 39231
[27/Jan/2019 16:42:36] "GET / HTTP/1.1" 200 39231
[27/Jan/2019 16:56:46] "GET / HTTP/1.1" 200 39231
[27/Jan/2019 17:02:23] "GET / HTTP/1.1" 200 39231
[27/Jan/2019 17:13:27] "GET / HTTP/1.1" 200 39231
[27/Jan/2019 17:42:05] "GET / HTTP/1.1" 200 39231
[27/Jan/2019 21:25:58] "HEAD / HTTP/1.1" 200 39231
[27/Jan/2019 21:49:19] "GET / HTTP/1.1" 200 39231
Not Found: /manager/html
[27/Jan/2019 22:20:07] "GET /manager/html HTTP/1.1" 404 2088
[27/Jan/2019 23:50:25] "GET / HTTP/1.0" 200 39231
[28/Jan/2019 00:31:47] "GET / HTTP/1.1" 200 39231
[28/Jan/2019 00:33:40] "GET / HTTP/1.1" 200 39231
Not Found: /favicon.ico
[28/Jan/2019 00:33:41] "GET /favicon.ico HTTP/1.1" 404 2085
[28/Jan/2019 00:54:42] "HEAD / HTTP/1.1" 200 39231
[28/Jan/2019 00:56:32] "GET / HTTP/1.1" 200 39231
Not Found: /images/cc-bg-1.jpg
[28/Jan/2019 00:56:32] "GET /images/cc-bg-1.jpg HTTP/1.1" 404 2147
Not Found: /favicon.ico
[28/Jan/2019 00:56:32] "GET /favicon.ico HTTP/1.1" 404 2126
Not Found: /script
[28/Jan/2019 00:58:10] "GET /script HTTP/1.1" 404 2070
[28/Jan/2019 01:14:23] "GET / HTTP/1.1" 200 39231
Not Found: /images/cc-bg-1.jpg
[28/Jan/2019 01:14:24] "GET /images/cc-bg-1.jpg HTTP/1.1" 404 2147
Not Found: /favicon.ico
[28/Jan/2019 01:14:24] "GET /favicon.ico HTTP/1.1" 404 2126
Not Found: /favicon.ico
[28/Jan/2019 01:14:24] "GET /favicon.ico HTTP/1.1" 404 2126
Not Found: /manager/html
[28/Jan/2019 01:19:37] "GET /manager/html HTTP/1.1" 404 2088
[28/Jan/2019 01:50:57] "GET / HTTP/1.1" 200 39231
[28/Jan/2019 02:43:25] "HEAD / HTTP/1.1" 200 39231
[28/Jan/2019 02:45:08] "HEAD / HTTP/1.1" 200 39231
[28/Jan/2019 03:27:58] "GET / HTTP/1.1" 200 39231
Not Found: /images/cc-bg-1.jpg
[28/Jan/2019 03:27:58] "GET /images/cc-bg-1.jpg HTTP/1.1" 404 2147
Not Found: /favicon.ico
[28/Jan/2019 03:27:58] "GET /favicon.ico HTTP/1.1" 404 2126
Not Found: /favicon.ico
[28/Jan/2019 03:27:59] "GET /favicon.ico HTTP/1.1" 404 2126
[28/Jan/2019 04:28:35] "GET / HTTP/1.1" 200 39231
Not Found: /images/cc-bg-1.jpg
[28/Jan/2019 04:28:35] "GET /images/cc-bg-1.jpg HTTP/1.1" 404 2147
Not Found: /favicon.ico
[28/Jan/2019 04:28:36] "GET /favicon.ico HTTP/1.1" 404 2126
[28/Jan/2019 04:30:17] "GET / HTTP/1.1" 200 39231
